[37mDEBU[0m[29 Jun 18 12:38 -0700] PreRun                                        [37marguments[0m=[] [37mcommand[0m=deploy
[37mDEBU[0m[29 Jun 18 12:38 -0700] configure debug middleware                   
[37mDEBU[0m[29 Jun 18 12:38 -0700] configure logging middleware                 
[37mDEBU[0m[29 Jun 18 12:38 -0700] setup logger middleware: panic               
[37mDEBU[0m[29 Jun 18 12:38 -0700] configure auth middleware                    
[37mDEBU[0m[29 Jun 18 12:38 -0700] setup credentials                             [37mcredentials[0m=0x146b000
[37mDEBU[0m[29 Jun 18 12:38 -0700] configure client middleware                  
[37mDEBU[0m[29 Jun 18 12:38 -0700] setup API endpoint                            [37mendpoint[0m="https://api.netlify.com"
[37mDEBU[0m[29 Jun 18 12:38 -0700] configure site middleware                    
[37mDEBU[0m[29 Jun 18 12:38 -0700] Querying for existing sites                  
[37mDEBU[0m[29 Jun 18 12:39 -0700] POST /api/v1/sites?configure_dns=false HTTP/1.1
Host: api.netlify.com
User-Agent: netlifyctl
Content-Length: 24
Accept: application/json
Authorization: Bearer e4b6ecdaf88a3740d1e1c3f589d046114c8ebbf6a2a1bbb683fc89499efda480
Content-Type: application/json
Accept-Encoding: gzip

{"domain_aliases":null}

 
[37mDEBU[0m[29 Jun 18 12:39 -0700] HTTP/1.1 201 Created
Transfer-Encoding: chunked
Alt-Svc: clear
Cache-Control: max-age=0, private, must-revalidate
Content-Type: application/json; charset=utf-8
Date: Fri, 29 Jun 2018 19:39:19 GMT
Etag: W/"4b9050dc818b4c82fcbdfcf4f4e29ed2"
Location: https://api.netlify.com/api/v1/sites/dc2eb9bd-2312-4069-8043-4a596c97b23c
Vary: Origin
Via: 1.1 google
X-Frame-Options: ALLOWALL
X-Ratelimit-Limit: 100000000
X-Ratelimit-Remaining: 99999999
X-Ratelimit-Reset: 2018-06-29 19:40:19 UTC
X-Request-Id: 878cd6c5-e8b8-43d7-b056-06f2d7f284ca
X-Runtime: 0.084708

927
{"id":"dc2eb9bd-2312-4069-8043-4a596c97b23c","site_id":"dc2eb9bd-2312-4069-8043-4a596c97b23c","plan":"nf_team_dev","plan_data":{"title":"Netlify Team Free","asset_acceleration":true,"form_processing":true,"cdn_propagation":"partial","build_gc_exchange":"buildbot-gc","build_node_pool":"buildbot-external-ssd","build_cluster":"ha2","domain_aliases":true,"secure_site":false,"prerendering":true,"proxying":true,"ssl":"custom","rate_cents":0,"yearly_rate_cents":0,"cdn_network":"free_cdn_network","branch_deploy":true,"managed_dns":true,"geo_ip":true,"split_testing":true,"id":"nf_team_dev"},"ssl_plan":null,"premium":false,"claimed":true,"name":"frosty-booth-1a43f5","custom_domain":null,"domain_aliases":[],"password":null,"notification_email":null,"url":"http://frosty-booth-1a43f5.netlify.com","admin_url":"https://app.netlify.com/sites/frosty-booth-1a43f5","deploy_id":"","build_id":"","deploy_url":"http://.frosty-booth-1a43f5.netlify.com","state":"current","screenshot_url":null,"created_at":"2018-06-29T19:39:19.363Z","updated_at":"2018-06-29T19:39:19.363Z","user_id":"5a3ece90df99532cc3afb519","error_message":null,"ssl":false,"ssl_url":"https://frosty-booth-1a43f5.netlify.com","force_ssl":null,"ssl_status":null,"max_domain_aliases":100,"build_settings":null,"processing_settings":{"css":{"bundle":true,"minify":true},"js":{"bundle":true,"minify":true},"images":{"optimize":true},"html":{"pretty_urls":true},"skip":true},"prerender":null,"prerender_headers":null,"deploy_hook":null,"published_deploy":null,"managed_dns":true,"jwt_secret":null,"account_slug":"erichodges","account_name":"Eric Hodges","account_type":"personal","capabilities":{"title":"Netlify Team Free","asset_acceleration":true,"form_processing":true,"cdn_propagation":"partial","build_gc_exchange":"buildbot-gc","build_node_pool":"buildbot-external-ssd","build_cluster":"ha2","domain_aliases":true,"secure_site":false,"prerendering":true,"proxying":true,"ssl":"custom","rate_cents":0,"yearly_rate_cents":0,"cdn_network":"free_cdn_network","branch_deploy":true,"managed_dns":true,"geo_ip":true,"split_testing":true,"id":"nf_team_dev"},"active_subscription_ids":[],"external_contributors_enabled":true,"paid_individual_site_subscription":false,"dns_zone_id":null,"identity_instance_id":null,"use_functions":null,"parent_user_id":null,"automatic_tls_provisioning":null}
0


 
[37mDEBU[0m[29 Jun 18 12:39 -0700] Got new path from the user                   
[37mDEBU[0m[29 Jun 18 12:39 -0700] Relative path detected, going to deploy: '/Users/erichodges/documents/coding/Vue-projects/Lotus-mockup-nuxt/.nuxt/dist' 
[31mERRO[0m[29 Jun 18 12:39 -0700] command failed                                [31merror[0m="Error copying netlify.toml to the publish directory: /Users/erichodges/documents/coding/Vue-projects/Lotus-mockup-nuxt/.nuxt/dist: open /Users/erichodges/documents/coding/Vue-projects/Lotus-mockup-nuxt/.nuxt/dist/netlify.toml: no such file or directory"
